<?xml version="1.0" encoding="UTF-8"?>
<!-- Generated by org.testng.reporters.JUnitReportReporter -->
<testsuite name="ProductSumTotal" tests="1" time="107.667" ignored="0" failures="0" timestamp="04 Jan 2020 05:25:36 GMT" skipped="0" hostname="LAPTOP-B7AIBIQO" errors="0">
  <testcase name="calculate" time="107.667" classname="ProductSumTotal"/>
</testsuite> <!-- ProductSumTotal -->
