<?xml version="1.0" encoding="UTF-8"?>
<!-- Generated by org.testng.reporters.JUnitReportReporter -->
<testsuite name="Pageobjectmodel" tests="1" time="308.446" ignored="0" failures="0" timestamp="03 Jan 2020 16:33:40 GMT" skipped="0" hostname="LAPTOP-B7AIBIQO" errors="0">
  <testcase name="Basicclass" time="308.446" classname="Pageobjectmodel"/>
</testsuite> <!-- Pageobjectmodel -->
