<?xml version="1.0" encoding="UTF-8"?>
<!-- Generated by org.testng.reporters.JUnitReportReporter -->
<testsuite name="appium.test.DataProvider" tests="2" time="93.252" ignored="0" failures="0" timestamp="04 Jan 2020 06:43:48 GMT" skipped="0" hostname="LAPTOP-B7AIBIQO" errors="0">
  <testcase name="Checkingtext" time="47.965" classname="appium.test.DataProvider"/>
  <testcase name="Checkingtext" time="45.287" classname="appium.test.DataProvider"/>
</testsuite> <!-- appium.test.DataProvider -->
