<?xml version="1.0" encoding="UTF-8"?>
<!-- Generated by org.testng.reporters.JUnitReportReporter -->
<testsuite skipped="0" hostname="LAPTOP-B7AIBIQO" name="appium.test.DataProvider" tests="2" failures="0" timestamp="04 Jan 2020 07:32:29 GMT" time="125.239" errors="0">
  <testcase name="Checkingtext" time="77.274" classname="appium.test.DataProvider"/>
  <testcase name="Checkingtext" time="47.965" classname="appium.test.DataProvider"/>
</testsuite> <!-- appium.test.DataProvider -->
